Running jobs
srun: warning: can't run 1 processes on 4 nodes, setting nnodes to 1
srun: warning: can't run 1 processes on 4 nodes, setting nnodes to 1
srun: warning: can't run 1 processes on 4 nodes, setting nnodes to 1
srun: warning: can't run 1 processes on 4 nodes, setting nnodes to 1
srun: warning: can't run 1 processes on 4 nodes, setting nnodes to 1
srun: warning: can't run 1 processes on 4 nodes, setting nnodes to 1
srun: warning: can't run 1 processes on 4 nodes, setting nnodes to 1
srun: warning: can't run 1 processes on 4 nodes, setting nnodes to 1
Error processing line 1 of /home/25p79/.conda/envs/env1/lib/python3.13/site-packages/distutils-precedence.pth:

Error processing line 1 of /home/25p79/.conda/envs/env1/lib/python3.13/site-packages/distutils-precedence.pth:

Error processing line 1 of /home/25p79/.conda/envs/env1/lib/python3.13/site-packages/distutils-precedence.pth:

Error processing line 1 of /home/25p79/.conda/envs/env1/lib/python3.13/site-packages/distutils-precedence.pth:

  Traceback (most recent call last):
    File "<frozen site>", line 207, in addpackage
    File "<string>", line 1, in <module>
  ModuleNotFoundError: No module named '_distutils_hack'

Remainder of file ignored
  Traceback (most recent call last):
    File "<frozen site>", line 207, in addpackage
  Traceback (most recent call last):
    File "<frozen site>", line 207, in addpackage
    File "<string>", line 1, in <module>
  ModuleNotFoundError: No module named '_distutils_hack'

Remainder of file ignored
  Traceback (most recent call last):
    File "<frozen site>", line 207, in addpackage
    File "<string>", line 1, in <module>
    File "<string>", line 1, in <module>
  ModuleNotFoundError: No module named '_distutils_hack'

Remainder of file ignored
  ModuleNotFoundError: No module named '_distutils_hack'

Remainder of file ignored
Error processing line 1 of /home/25p79/.conda/envs/env1/lib/python3.13/site-packages/distutils-precedence.pth:
Error processing line 1 of /home/25p79/.conda/envs/env1/lib/python3.13/site-packages/distutils-precedence.pth:


Error processing line 1 of /home/25p79/.conda/envs/env1/lib/python3.13/site-packages/distutils-precedence.pth:

Error processing line 1 of /home/25p79/.conda/envs/env1/lib/python3.13/site-packages/distutils-precedence.pth:

  Traceback (most recent call last):
  Traceback (most recent call last):
    File "<frozen site>", line 207, in addpackage
    File "<frozen site>", line 207, in addpackage
    File "<string>", line 1, in <module>
    File "<string>", line 1, in <module>
  ModuleNotFoundError: No module named '_distutils_hack'
  ModuleNotFoundError: No module named '_distutils_hack'


Remainder of file ignored
Remainder of file ignored
  Traceback (most recent call last):
    File "<frozen site>", line 207, in addpackage
    File "<string>", line 1, in <module>
  ModuleNotFoundError: No module named '_distutils_hack'

Remainder of file ignored
  Traceback (most recent call last):
    File "<frozen site>", line 207, in addpackage
    File "<string>", line 1, in <module>
  ModuleNotFoundError: No module named '_distutils_hack'

Remainder of file ignored
